<?xml version="1.0" encoding="UTF-8"?>
<coverage generated="1726041571140" clover="3.2.0">
  <project timestamp="1726041571140" name="All files">
    <metrics statements="112" coveredstatements="53" conditionals="114" coveredconditionals="50" methods="42" coveredmethods="6" elements="268" coveredelements="109" complexity="0" loc="112" ncloc="112" packages="1" files="1" classes="1"/>
    <file name="index.js" path="/Users/skypesky/workSpaces/javascript/github/xbytes/lib/index.js">
      <metrics statements="112" coveredstatements="53" conditionals="114" coveredconditionals="50" methods="42" coveredmethods="6"/>
      <line num="11" count="1" type="cond" truecount="3" falsecount="1"/>
      <line num="12" count="1" type="cond" truecount="8" falsecount="0"/>
      <line num="13" count="1" type="cond" truecount="1" falsecount="1"/>
      <line num="14" count="1" type="stmt"/>
      <line num="16" count="1" type="cond" truecount="1" falsecount="1"/>
      <line num="18" count="1" type="cond" truecount="4" falsecount="4"/>
      <line num="20" count="1" type="cond" truecount="4" falsecount="2"/>
      <line num="21" count="1" type="cond" truecount="1" falsecount="1"/>
      <line num="22" count="1" type="cond" truecount="1" falsecount="1"/>
      <line num="25" count="1" type="cond" truecount="1" falsecount="1"/>
      <line num="28" count="1" type="stmt"/>
      <line num="30" count="1" type="stmt"/>
      <line num="32" count="1" type="stmt"/>
      <line num="34" count="1" type="stmt"/>
      <line num="38" count="3" type="cond" truecount="3" falsecount="1"/>
      <line num="39" count="3" type="stmt"/>
      <line num="40" count="3" type="cond" truecount="1" falsecount="1"/>
      <line num="41" count="3" type="stmt"/>
      <line num="52" count="3" type="stmt"/>
      <line num="57" count="3" type="cond" truecount="3" falsecount="1"/>
      <line num="58" count="3" type="stmt"/>
      <line num="59" count="3" type="stmt"/>
      <line num="65" count="3" type="stmt"/>
      <line num="69" count="4" type="stmt"/>
      <line num="73" count="0" type="stmt"/>
      <line num="77" count="0" type="cond" truecount="0" falsecount="2"/>
      <line num="82" count="4" type="cond" truecount="4" falsecount="0"/>
      <line num="83" count="4" type="cond" truecount="5" falsecount="1"/>
      <line num="84" count="3" type="stmt"/>
      <line num="85" count="3" type="stmt"/>
      <line num="88" count="4" type="stmt"/>
      <line num="92" count="0" type="stmt"/>
      <line num="100" count="0" type="cond" truecount="0" falsecount="2"/>
      <line num="101" count="0" type="stmt"/>
      <line num="104" count="0" type="cond" truecount="0" falsecount="4"/>
      <line num="109" count="0" type="cond" truecount="0" falsecount="2"/>
      <line num="110" count="0" type="stmt"/>
      <line num="113" count="0" type="stmt"/>
      <line num="114" count="0" type="cond" truecount="0" falsecount="2"/>
      <line num="115" count="0" type="cond" truecount="0" falsecount="4"/>
      <line num="116" count="0" type="stmt"/>
      <line num="121" count="0" type="stmt"/>
      <line num="122" count="0" type="stmt"/>
      <line num="123" count="0" type="stmt"/>
      <line num="124" count="0" type="stmt"/>
      <line num="125" count="0" type="stmt"/>
      <line num="126" count="0" type="stmt"/>
      <line num="130" count="0" type="stmt"/>
      <line num="131" count="0" type="stmt"/>
      <line num="132" count="0" type="stmt"/>
      <line num="134" count="1" type="stmt"/>
      <line num="135" count="1" type="stmt"/>
      <line num="136" count="1" type="stmt"/>
      <line num="137" count="1" type="stmt"/>
      <line num="138" count="1" type="stmt"/>
      <line num="139" count="0" type="stmt"/>
      <line num="140" count="0" type="stmt"/>
      <line num="141" count="0" type="cond" truecount="0" falsecount="2"/>
      <line num="142" count="0" type="stmt"/>
      <line num="148" count="0" type="stmt"/>
      <line num="152" count="0" type="stmt"/>
      <line num="153" count="0" type="stmt"/>
      <line num="158" count="0" type="stmt"/>
      <line num="159" count="0" type="stmt"/>
      <line num="164" count="0" type="stmt"/>
      <line num="165" count="0" type="stmt"/>
      <line num="170" count="0" type="cond" truecount="0" falsecount="2"/>
      <line num="175" count="0" type="cond" truecount="0" falsecount="2"/>
      <line num="176" count="0" type="stmt"/>
      <line num="177" count="0" type="stmt"/>
      <line num="181" count="0" type="cond" truecount="0" falsecount="2"/>
      <line num="182" count="0" type="stmt"/>
      <line num="186" count="0" type="cond" truecount="0" falsecount="2"/>
      <line num="187" count="0" type="stmt"/>
      <line num="188" count="0" type="stmt"/>
      <line num="192" count="0" type="cond" truecount="0" falsecount="2"/>
      <line num="193" count="0" type="stmt"/>
      <line num="194" count="0" type="stmt"/>
      <line num="198" count="0" type="cond" truecount="0" falsecount="2"/>
      <line num="199" count="0" type="stmt"/>
      <line num="200" count="0" type="stmt"/>
      <line num="204" count="0" type="cond" truecount="0" falsecount="2"/>
      <line num="205" count="0" type="stmt"/>
      <line num="206" count="0" type="stmt"/>
      <line num="210" count="0" type="stmt"/>
      <line num="214" count="0" type="stmt"/>
      <line num="218" count="0" type="stmt"/>
      <line num="222" count="0" type="stmt"/>
      <line num="226" count="0" type="cond" truecount="0" falsecount="2"/>
      <line num="227" count="0" type="stmt"/>
      <line num="230" count="0" type="stmt"/>
      <line num="234" count="0" type="stmt"/>
      <line num="239" count="0" type="stmt"/>
      <line num="242" count="1" type="stmt"/>
      <line num="243" count="1" type="stmt"/>
      <line num="244" count="1" type="stmt"/>
      <line num="245" count="1" type="stmt"/>
      <line num="247" count="1" type="stmt"/>
      <line num="248" count="1" type="stmt"/>
      <line num="249" count="1" type="stmt"/>
      <line num="250" count="1" type="stmt"/>
      <line num="251" count="1" type="stmt"/>
      <line num="253" count="1" type="stmt"/>
      <line num="254" count="1" type="stmt"/>
      <line num="255" count="1" type="stmt"/>
      <line num="256" count="1" type="stmt"/>
      <line num="258" count="1" type="stmt"/>
      <line num="259" count="1" type="stmt"/>
      <line num="260" count="1" type="stmt"/>
      <line num="261" count="1" type="stmt"/>
      <line num="262" count="1" type="stmt"/>
      <line num="264" count="1" type="stmt"/>
    </file>
  </project>
</coverage>
