{"/Users/skypesky/workSpaces/javascript/github/xbytes/lib/index.js": {"path":"/Users/skypesky/workSpaces/javascript/github/xbytes/lib/index.js","statementMap":{"0":{"start":{"line":11,"column":2},"end":{"line":11,"column":76}},"1":{"start":{"line":11,"column":64},"end":{"line":11,"column":76}},"2":{"start":{"line":12,"column":106},"end":{"line":12,"column":119}},"3":{"start":{"line":13,"column":2},"end":{"line":13,"column":23}},"4":{"start":{"line":14,"column":16},"end":{"line":14,"column":86}},"5":{"start":{"line":16,"column":4},"end":{"line":19,"column":9}},"6":{"start":{"line":18,"column":15},"end":{"line":18,"column":68}},"7":{"start":{"line":20,"column":2},"end":{"line":20,"column":85}},"8":{"start":{"line":21,"column":17},"end":{"line":21,"column":44}},"9":{"start":{"line":22,"column":18},"end":{"line":24,"column":116}},"10":{"start":{"line":25,"column":2},"end":{"line":25,"column":63}},"11":{"start":{"line":28,"column":20},"end":{"line":28,"column":49}},"12":{"start":{"line":30,"column":23},"end":{"line":30,"column":107}},"13":{"start":{"line":32,"column":25},"end":{"line":32,"column":64}},"14":{"start":{"line":34,"column":19},"end":{"line":34,"column":63}},"15":{"start":{"line":38,"column":2},"end":{"line":51,"column":3}},"16":{"start":{"line":39,"column":36},"end":{"line":39,"column":40}},"17":{"start":{"line":40,"column":19},"end":{"line":40,"column":47}},"18":{"start":{"line":41,"column":4},"end":{"line":50,"column":6}},"19":{"start":{"line":52,"column":2},"end":{"line":52,"column":14}},"20":{"start":{"line":57,"column":2},"end":{"line":64,"column":3}},"21":{"start":{"line":58,"column":33},"end":{"line":58,"column":37}},"22":{"start":{"line":59,"column":4},"end":{"line":63,"column":6}},"23":{"start":{"line":65,"column":2},"end":{"line":65,"column":14}},"24":{"start":{"line":69,"column":2},"end":{"line":69,"column":38}},"25":{"start":{"line":73,"column":2},"end":{"line":73,"column":38}},"26":{"start":{"line":77,"column":2},"end":{"line":77,"column":71}},"27":{"start":{"line":82,"column":36},"end":{"line":82,"column":54}},"28":{"start":{"line":83,"column":2},"end":{"line":87,"column":3}},"29":{"start":{"line":84,"column":18},"end":{"line":84,"column":34}},"30":{"start":{"line":85,"column":4},"end":{"line":86,"column":130}},"31":{"start":{"line":88,"column":2},"end":{"line":88,"column":14}},"32":{"start":{"line":92,"column":2},"end":{"line":96,"column":4}},"33":{"start":{"line":100,"column":2},"end":{"line":103,"column":6}},"34":{"start":{"line":101,"column":4},"end":{"line":103,"column":6}},"35":{"start":{"line":104,"column":2},"end":{"line":104,"column":77}},"36":{"start":{"line":109,"column":2},"end":{"line":112,"column":6}},"37":{"start":{"line":110,"column":4},"end":{"line":112,"column":6}},"38":{"start":{"line":113,"column":14},"end":{"line":113,"column":34}},"39":{"start":{"line":114,"column":2},"end":{"line":115,"column":60}},"40":{"start":{"line":114,"column":22},"end":{"line":114,"column":66}},"41":{"start":{"line":115,"column":7},"end":{"line":115,"column":60}},"42":{"start":{"line":116,"column":2},"end":{"line":116,"column":105}},"43":{"start":{"line":121,"column":24},"end":{"line":121,"column":30}},"44":{"start":{"line":122,"column":15},"end":{"line":122,"column":65}},"45":{"start":{"line":123,"column":16},"end":{"line":123,"column":67}},"46":{"start":{"line":124,"column":18},"end":{"line":124,"column":67}},"47":{"start":{"line":125,"column":19},"end":{"line":125,"column":69}},"48":{"start":{"line":126,"column":2},"end":{"line":126,"column":42}},"49":{"start":{"line":130,"column":17},"end":{"line":130,"column":33}},"50":{"start":{"line":131,"column":17},"end":{"line":131,"column":56}},"51":{"start":{"line":132,"column":2},"end":{"line":132,"column":59}},"52":{"start":{"line":134,"column":0},"end":{"line":134,"column":58}},"53":{"start":{"line":134,"column":32},"end":{"line":134,"column":57}},"54":{"start":{"line":135,"column":0},"end":{"line":135,"column":60}},"55":{"start":{"line":135,"column":33},"end":{"line":135,"column":59}},"56":{"start":{"line":136,"column":0},"end":{"line":136,"column":64}},"57":{"start":{"line":136,"column":35},"end":{"line":136,"column":63}},"58":{"start":{"line":137,"column":0},"end":{"line":137,"column":66}},"59":{"start":{"line":137,"column":36},"end":{"line":137,"column":65}},"60":{"start":{"line":138,"column":0},"end":{"line":149,"column":2}},"61":{"start":{"line":139,"column":17},"end":{"line":139,"column":33}},"62":{"start":{"line":140,"column":24},"end":{"line":140,"column":26}},"63":{"start":{"line":141,"column":2},"end":{"line":147,"column":3}},"64":{"start":{"line":142,"column":4},"end":{"line":146,"column":6}},"65":{"start":{"line":148,"column":2},"end":{"line":148,"column":54}},"66":{"start":{"line":152,"column":2},"end":{"line":154,"column":4}},"67":{"start":{"line":153,"column":4},"end":{"line":153,"column":32}},"68":{"start":{"line":158,"column":2},"end":{"line":160,"column":4}},"69":{"start":{"line":159,"column":4},"end":{"line":159,"column":35}},"70":{"start":{"line":164,"column":2},"end":{"line":166,"column":4}},"71":{"start":{"line":165,"column":4},"end":{"line":165,"column":45}},"72":{"start":{"line":170,"column":2},"end":{"line":170,"column":69}},"73":{"start":{"line":175,"column":4},"end":{"line":175,"column":83}},"74":{"start":{"line":175,"column":28},"end":{"line":175,"column":83}},"75":{"start":{"line":176,"column":4},"end":{"line":176,"column":38}},"76":{"start":{"line":177,"column":4},"end":{"line":177,"column":32}},"77":{"start":{"line":181,"column":4},"end":{"line":182,"column":105}},"78":{"start":{"line":182,"column":6},"end":{"line":182,"column":105}},"79":{"start":{"line":186,"column":4},"end":{"line":186,"column":83}},"80":{"start":{"line":186,"column":28},"end":{"line":186,"column":83}},"81":{"start":{"line":187,"column":4},"end":{"line":187,"column":32}},"82":{"start":{"line":188,"column":4},"end":{"line":188,"column":99}},"83":{"start":{"line":188,"column":88},"end":{"line":188,"column":93}},"84":{"start":{"line":192,"column":4},"end":{"line":192,"column":83}},"85":{"start":{"line":192,"column":28},"end":{"line":192,"column":83}},"86":{"start":{"line":193,"column":4},"end":{"line":193,"column":32}},"87":{"start":{"line":194,"column":4},"end":{"line":194,"column":99}},"88":{"start":{"line":194,"column":88},"end":{"line":194,"column":93}},"89":{"start":{"line":198,"column":4},"end":{"line":198,"column":83}},"90":{"start":{"line":198,"column":28},"end":{"line":198,"column":83}},"91":{"start":{"line":199,"column":4},"end":{"line":199,"column":32}},"92":{"start":{"line":200,"column":4},"end":{"line":200,"column":99}},"93":{"start":{"line":200,"column":88},"end":{"line":200,"column":93}},"94":{"start":{"line":204,"column":4},"end":{"line":204,"column":83}},"95":{"start":{"line":204,"column":28},"end":{"line":204,"column":83}},"96":{"start":{"line":205,"column":4},"end":{"line":205,"column":32}},"97":{"start":{"line":206,"column":4},"end":{"line":206,"column":99}},"98":{"start":{"line":206,"column":88},"end":{"line":206,"column":93}},"99":{"start":{"line":210,"column":4},"end":{"line":210,"column":43}},"100":{"start":{"line":214,"column":4},"end":{"line":214,"column":44}},"101":{"start":{"line":218,"column":4},"end":{"line":218,"column":46}},"102":{"start":{"line":222,"column":4},"end":{"line":222,"column":47}},"103":{"start":{"line":226,"column":4},"end":{"line":229,"column":8}},"104":{"start":{"line":227,"column":6},"end":{"line":229,"column":8}},"105":{"start":{"line":230,"column":4},"end":{"line":230,"column":49}},"106":{"start":{"line":234,"column":4},"end":{"line":234,"column":40}},"107":{"start":{"line":239,"column":2},"end":{"line":239,"column":35}},"108":{"start":{"line":242,"column":0},"end":{"line":242,"column":31}},"109":{"start":{"line":243,"column":0},"end":{"line":243,"column":33}},"110":{"start":{"line":244,"column":0},"end":{"line":244,"column":39}},"111":{"start":{"line":245,"column":0},"end":{"line":245,"column":43}},"112":{"start":{"line":247,"column":0},"end":{"line":247,"column":23}},"113":{"start":{"line":248,"column":0},"end":{"line":248,"column":25}},"114":{"start":{"line":249,"column":0},"end":{"line":249,"column":27}},"115":{"start":{"line":250,"column":0},"end":{"line":250,"column":31}},"116":{"start":{"line":251,"column":0},"end":{"line":251,"column":35}},"117":{"start":{"line":253,"column":0},"end":{"line":253,"column":29}},"118":{"start":{"line":254,"column":0},"end":{"line":254,"column":29}},"119":{"start":{"line":255,"column":0},"end":{"line":255,"column":31}},"120":{"start":{"line":256,"column":0},"end":{"line":256,"column":33}},"121":{"start":{"line":258,"column":0},"end":{"line":258,"column":21}},"122":{"start":{"line":259,"column":0},"end":{"line":259,"column":39}},"123":{"start":{"line":260,"column":0},"end":{"line":260,"column":43}},"124":{"start":{"line":261,"column":0},"end":{"line":261,"column":43}},"125":{"start":{"line":262,"column":0},"end":{"line":262,"column":49}},"126":{"start":{"line":264,"column":0},"end":{"line":264,"column":24}}},"fnMap":{"0":{"name":"xbytes","decl":{"start":{"line":10,"column":9},"end":{"line":10,"column":15}},"loc":{"start":{"line":10,"column":35},"end":{"line":26,"column":1}},"line":10},"1":{"name":"(anonymous_1)","decl":{"start":{"line":18,"column":9},"end":{"line":18,"column":10}},"loc":{"start":{"line":18,"column":15},"end":{"line":18,"column":68}},"line":18},"2":{"name":"parseUnit","decl":{"start":{"line":36,"column":9},"end":{"line":36,"column":18}},"loc":{"start":{"line":36,"column":31},"end":{"line":53,"column":1}},"line":36},"3":{"name":"parseString","decl":{"start":{"line":55,"column":9},"end":{"line":55,"column":20}},"loc":{"start":{"line":55,"column":34},"end":{"line":66,"column":1}},"line":55},"4":{"name":"isBytes","decl":{"start":{"line":68,"column":9},"end":{"line":68,"column":16}},"loc":{"start":{"line":68,"column":30},"end":{"line":70,"column":1}},"line":68},"5":{"name":"isUnit","decl":{"start":{"line":72,"column":9},"end":{"line":72,"column":15}},"loc":{"start":{"line":72,"column":28},"end":{"line":74,"column":1}},"line":72},"6":{"name":"extractBytes","decl":{"start":{"line":76,"column":9},"end":{"line":76,"column":21}},"loc":{"start":{"line":76,"column":37},"end":{"line":78,"column":1}},"line":76},"7":{"name":"parseSize","decl":{"start":{"line":80,"column":9},"end":{"line":80,"column":18}},"loc":{"start":{"line":80,"column":46},"end":{"line":89,"column":1}},"line":80},"8":{"name":"isParsable","decl":{"start":{"line":91,"column":9},"end":{"line":91,"column":19}},"loc":{"start":{"line":91,"column":27},"end":{"line":97,"column":1}},"line":91},"9":{"name":"hybridResolve","decl":{"start":{"line":99,"column":9},"end":{"line":99,"column":22}},"loc":{"start":{"line":99,"column":36},"end":{"line":105,"column":1}},"line":99},"10":{"name":"parseBytes","decl":{"start":{"line":107,"column":9},"end":{"line":107,"column":19}},"loc":{"start":{"line":107,"column":36},"end":{"line":117,"column":1}},"line":107},"11":{"name":"internalRelationEngine","decl":{"start":{"line":119,"column":9},"end":{"line":119,"column":31}},"loc":{"start":{"line":119,"column":49},"end":{"line":127,"column":1}},"line":119},"12":{"name":"relative","decl":{"start":{"line":129,"column":9},"end":{"line":129,"column":17}},"loc":{"start":{"line":129,"column":33},"end":{"line":133,"column":1}},"line":129},"13":{"name":"(anonymous_13)","decl":{"start":{"line":134,"column":16},"end":{"line":134,"column":17}},"loc":{"start":{"line":134,"column":32},"end":{"line":134,"column":57}},"line":134},"14":{"name":"(anonymous_14)","decl":{"start":{"line":135,"column":17},"end":{"line":135,"column":18}},"loc":{"start":{"line":135,"column":33},"end":{"line":135,"column":59}},"line":135},"15":{"name":"(anonymous_15)","decl":{"start":{"line":136,"column":19},"end":{"line":136,"column":20}},"loc":{"start":{"line":136,"column":35},"end":{"line":136,"column":63}},"line":136},"16":{"name":"(anonymous_16)","decl":{"start":{"line":137,"column":20},"end":{"line":137,"column":21}},"loc":{"start":{"line":137,"column":36},"end":{"line":137,"column":65}},"line":137},"17":{"name":"(anonymous_17)","decl":{"start":{"line":138,"column":16},"end":{"line":138,"column":17}},"loc":{"start":{"line":138,"column":41},"end":{"line":149,"column":1}},"line":138},"18":{"name":"createByteParser","decl":{"start":{"line":151,"column":9},"end":{"line":151,"column":25}},"loc":{"start":{"line":151,"column":34},"end":{"line":155,"column":1}},"line":151},"19":{"name":"staticByteParser","decl":{"start":{"line":152,"column":18},"end":{"line":152,"column":34}},"loc":{"start":{"line":152,"column":41},"end":{"line":154,"column":3}},"line":152},"20":{"name":"createSizeParser","decl":{"start":{"line":157,"column":9},"end":{"line":157,"column":25}},"loc":{"start":{"line":157,"column":34},"end":{"line":161,"column":1}},"line":157},"21":{"name":"staticSizeParser","decl":{"start":{"line":158,"column":18},"end":{"line":158,"column":34}},"loc":{"start":{"line":158,"column":41},"end":{"line":160,"column":3}},"line":158},"22":{"name":"createRelativeSizer","decl":{"start":{"line":163,"column":9},"end":{"line":163,"column":28}},"loc":{"start":{"line":163,"column":43},"end":{"line":167,"column":1}},"line":163},"23":{"name":"staticRelativeSizer","decl":{"start":{"line":164,"column":18},"end":{"line":164,"column":37}},"loc":{"start":{"line":164,"column":44},"end":{"line":166,"column":3}},"line":164},"24":{"name":"parseByteOrByteArray","decl":{"start":{"line":169,"column":9},"end":{"line":169,"column":29}},"loc":{"start":{"line":169,"column":37},"end":{"line":171,"column":1}},"line":169},"25":{"name":"(anonymous_25)","decl":{"start":{"line":174,"column":2},"end":{"line":174,"column":3}},"loc":{"start":{"line":174,"column":21},"end":{"line":178,"column":3}},"line":174},"26":{"name":"(anonymous_26)","decl":{"start":{"line":180,"column":2},"end":{"line":180,"column":3}},"loc":{"start":{"line":180,"column":25},"end":{"line":183,"column":3}},"line":180},"27":{"name":"(anonymous_27)","decl":{"start":{"line":185,"column":2},"end":{"line":185,"column":3}},"loc":{"start":{"line":185,"column":13},"end":{"line":189,"column":3}},"line":185},"28":{"name":"(anonymous_28)","decl":{"start":{"line":188,"column":78},"end":{"line":188,"column":79}},"loc":{"start":{"line":188,"column":88},"end":{"line":188,"column":93}},"line":188},"29":{"name":"(anonymous_29)","decl":{"start":{"line":191,"column":2},"end":{"line":191,"column":3}},"loc":{"start":{"line":191,"column":18},"end":{"line":195,"column":3}},"line":191},"30":{"name":"(anonymous_30)","decl":{"start":{"line":194,"column":78},"end":{"line":194,"column":79}},"loc":{"start":{"line":194,"column":88},"end":{"line":194,"column":93}},"line":194},"31":{"name":"(anonymous_31)","decl":{"start":{"line":197,"column":2},"end":{"line":197,"column":3}},"loc":{"start":{"line":197,"column":18},"end":{"line":201,"column":3}},"line":197},"32":{"name":"(anonymous_32)","decl":{"start":{"line":200,"column":78},"end":{"line":200,"column":79}},"loc":{"start":{"line":200,"column":88},"end":{"line":200,"column":93}},"line":200},"33":{"name":"(anonymous_33)","decl":{"start":{"line":203,"column":2},"end":{"line":203,"column":3}},"loc":{"start":{"line":203,"column":16},"end":{"line":207,"column":3}},"line":203},"34":{"name":"(anonymous_34)","decl":{"start":{"line":206,"column":78},"end":{"line":206,"column":79}},"loc":{"start":{"line":206,"column":88},"end":{"line":206,"column":93}},"line":206},"35":{"name":"(anonymous_35)","decl":{"start":{"line":209,"column":2},"end":{"line":209,"column":3}},"loc":{"start":{"line":209,"column":15},"end":{"line":211,"column":3}},"line":209},"36":{"name":"(anonymous_36)","decl":{"start":{"line":213,"column":2},"end":{"line":213,"column":3}},"loc":{"start":{"line":213,"column":16},"end":{"line":215,"column":3}},"line":213},"37":{"name":"(anonymous_37)","decl":{"start":{"line":217,"column":2},"end":{"line":217,"column":3}},"loc":{"start":{"line":217,"column":18},"end":{"line":219,"column":3}},"line":217},"38":{"name":"(anonymous_38)","decl":{"start":{"line":221,"column":2},"end":{"line":221,"column":3}},"loc":{"start":{"line":221,"column":19},"end":{"line":223,"column":3}},"line":221},"39":{"name":"(anonymous_39)","decl":{"start":{"line":225,"column":2},"end":{"line":225,"column":3}},"loc":{"start":{"line":225,"column":24},"end":{"line":231,"column":3}},"line":225},"40":{"name":"(anonymous_40)","decl":{"start":{"line":233,"column":2},"end":{"line":233,"column":3}},"loc":{"start":{"line":233,"column":18},"end":{"line":235,"column":3}},"line":233},"41":{"name":"parse","decl":{"start":{"line":238,"column":9},"end":{"line":238,"column":14}},"loc":{"start":{"line":238,"column":22},"end":{"line":240,"column":1}},"line":238}},"branchMap":{"0":{"loc":{"start":{"line":10,"column":16},"end":{"line":10,"column":24}},"type":"default-arg","locations":[{"start":{"line":10,"column":23},"end":{"line":10,"column":24}}],"line":10},"1":{"loc":{"start":{"line":11,"column":2},"end":{"line":11,"column":76}},"type":"if","locations":[{"start":{"line":11,"column":2},"end":{"line":11,"column":76}},{"start":{},"end":{}}],"line":11},"2":{"loc":{"start":{"line":11,"column":6},"end":{"line":11,"column":62}},"type":"binary-expr","locations":[{"start":{"line":11,"column":6},"end":{"line":11,"column":34}},{"start":{"line":11,"column":38},"end":{"line":11,"column":62}}],"line":11},"3":{"loc":{"start":{"line":12,"column":9},"end":{"line":12,"column":20}},"type":"default-arg","locations":[{"start":{"line":12,"column":15},"end":{"line":12,"column":20}}],"line":12},"4":{"loc":{"start":{"line":12,"column":22},"end":{"line":12,"column":34}},"type":"default-arg","locations":[{"start":{"line":12,"column":29},"end":{"line":12,"column":34}}],"line":12},"5":{"loc":{"start":{"line":12,"column":36},"end":{"line":12,"column":48}},"type":"default-arg","locations":[{"start":{"line":12,"column":44},"end":{"line":12,"column":48}}],"line":12},"6":{"loc":{"start":{"line":12,"column":50},"end":{"line":12,"column":62}},"type":"default-arg","locations":[{"start":{"line":12,"column":58},"end":{"line":12,"column":62}}],"line":12},"7":{"loc":{"start":{"line":12,"column":64},"end":{"line":12,"column":73}},"type":"default-arg","locations":[{"start":{"line":12,"column":72},"end":{"line":12,"column":73}}],"line":12},"8":{"loc":{"start":{"line":12,"column":88},"end":{"line":12,"column":102}},"type":"default-arg","locations":[{"start":{"line":12,"column":97},"end":{"line":12,"column":102}}],"line":12},"9":{"loc":{"start":{"line":12,"column":106},"end":{"line":12,"column":119}},"type":"binary-expr","locations":[{"start":{"line":12,"column":106},"end":{"line":12,"column":113}},{"start":{"line":12,"column":117},"end":{"line":12,"column":119}}],"line":12},"10":{"loc":{"start":{"line":13,"column":10},"end":{"line":13,"column":22}},"type":"cond-expr","locations":[{"start":{"line":13,"column":17},"end":{"line":13,"column":18}},{"start":{"line":13,"column":21},"end":{"line":13,"column":22}}],"line":13},"11":{"loc":{"start":{"line":16,"column":4},"end":{"line":19,"column":9}},"type":"cond-expr","locations":[{"start":{"line":17,"column":8},"end":{"line":17,"column":19}},{"start":{"line":18,"column":8},"end":{"line":19,"column":9}}],"line":16},"12":{"loc":{"start":{"line":18,"column":8},"end":{"line":19,"column":9}},"type":"binary-expr","locations":[{"start":{"line":18,"column":8},"end":{"line":18,"column":126}},{"start":{"line":19,"column":8},"end":{"line":19,"column":9}}],"line":18},"13":{"loc":{"start":{"line":18,"column":15},"end":{"line":18,"column":68}},"type":"cond-expr","locations":[{"start":{"line":18,"column":47},"end":{"line":18,"column":52}},{"start":{"line":18,"column":55},"end":{"line":18,"column":68}}],"line":18},"14":{"loc":{"start":{"line":18,"column":15},"end":{"line":18,"column":44}},"type":"binary-expr","locations":[{"start":{"line":18,"column":15},"end":{"line":18,"column":21}},{"start":{"line":18,"column":25},"end":{"line":18,"column":44}}],"line":18},"15":{"loc":{"start":{"line":18,"column":107},"end":{"line":18,"column":124}},"type":"cond-expr","locations":[{"start":{"line":18,"column":113},"end":{"line":18,"column":117}},{"start":{"line":18,"column":120},"end":{"line":18,"column":124}}],"line":18},"16":{"loc":{"start":{"line":20,"column":10},"end":{"line":20,"column":84}},"type":"cond-expr","locations":[{"start":{"line":20,"column":43},"end":{"line":20,"column":80}},{"start":{"line":20,"column":83},"end":{"line":20,"column":84}}],"line":20},"17":{"loc":{"start":{"line":20,"column":10},"end":{"line":20,"column":40}},"type":"binary-expr","locations":[{"start":{"line":20,"column":10},"end":{"line":20,"column":19}},{"start":{"line":20,"column":23},"end":{"line":20,"column":40}}],"line":20},"18":{"loc":{"start":{"line":20,"column":52},"end":{"line":20,"column":69}},"type":"cond-expr","locations":[{"start":{"line":20,"column":58},"end":{"line":20,"column":62}},{"start":{"line":20,"column":65},"end":{"line":20,"column":69}}],"line":20},"19":{"loc":{"start":{"line":21,"column":17},"end":{"line":21,"column":44}},"type":"binary-expr","locations":[{"start":{"line":21,"column":17},"end":{"line":21,"column":32}},{"start":{"line":21,"column":36},"end":{"line":21,"column":44}}],"line":21},"20":{"loc":{"start":{"line":22,"column":18},"end":{"line":24,"column":116}},"type":"cond-expr","locations":[{"start":{"line":23,"column":6},"end":{"line":23,"column":102}},{"start":{"line":24,"column":6},"end":{"line":24,"column":116}}],"line":22},"21":{"loc":{"start":{"line":23,"column":42},"end":{"line":23,"column":59}},"type":"cond-expr","locations":[{"start":{"line":23,"column":48},"end":{"line":23,"column":52}},{"start":{"line":23,"column":55},"end":{"line":23,"column":59}}],"line":23},"22":{"loc":{"start":{"line":23,"column":77},"end":{"line":23,"column":101}},"type":"cond-expr","locations":[{"start":{"line":23,"column":85},"end":{"line":23,"column":92}},{"start":{"line":23,"column":95},"end":{"line":23,"column":101}}],"line":23},"23":{"loc":{"start":{"line":24,"column":42},"end":{"line":24,"column":93}},"type":"cond-expr","locations":[{"start":{"line":24,"column":85},"end":{"line":24,"column":88}},{"start":{"line":24,"column":91},"end":{"line":24,"column":93}}],"line":24},"24":{"loc":{"start":{"line":24,"column":42},"end":{"line":24,"column":82}},"type":"binary-expr","locations":[{"start":{"line":24,"column":42},"end":{"line":24,"column":45}},{"start":{"line":24,"column":49},"end":{"line":24,"column":66}},{"start":{"line":24,"column":70},"end":{"line":24,"column":82}}],"line":24},"25":{"loc":{"start":{"line":24,"column":96},"end":{"line":24,"column":113}},"type":"cond-expr","locations":[{"start":{"line":24,"column":104},"end":{"line":24,"column":107}},{"start":{"line":24,"column":110},"end":{"line":24,"column":113}}],"line":24},"26":{"loc":{"start":{"line":25,"column":45},"end":{"line":25,"column":61}},"type":"cond-expr","locations":[{"start":{"line":25,"column":53},"end":{"line":25,"column":56}},{"start":{"line":25,"column":59},"end":{"line":25,"column":61}}],"line":25},"27":{"loc":{"start":{"line":38,"column":2},"end":{"line":51,"column":3}},"type":"if","locations":[{"start":{"line":38,"column":2},"end":{"line":51,"column":3}},{"start":{},"end":{}}],"line":38},"28":{"loc":{"start":{"line":38,"column":6},"end":{"line":38,"column":78}},"type":"binary-expr","locations":[{"start":{"line":38,"column":6},"end":{"line":38,"column":36}},{"start":{"line":38,"column":41},"end":{"line":38,"column":77}}],"line":38},"29":{"loc":{"start":{"line":40,"column":19},"end":{"line":40,"column":47}},"type":"cond-expr","locations":[{"start":{"line":40,"column":25},"end":{"line":40,"column":42}},{"start":{"line":40,"column":45},"end":{"line":40,"column":47}}],"line":40},"30":{"loc":{"start":{"line":57,"column":2},"end":{"line":64,"column":3}},"type":"if","locations":[{"start":{"line":57,"column":2},"end":{"line":64,"column":3}},{"start":{},"end":{}}],"line":57},"31":{"loc":{"start":{"line":57,"column":6},"end":{"line":57,"column":79}},"type":"binary-expr","locations":[{"start":{"line":57,"column":6},"end":{"line":57,"column":37}},{"start":{"line":57,"column":42},"end":{"line":57,"column":78}}],"line":57},"32":{"loc":{"start":{"line":77,"column":10},"end":{"line":77,"column":53}},"type":"binary-expr","locations":[{"start":{"line":77,"column":10},"end":{"line":77,"column":47}},{"start":{"line":77,"column":51},"end":{"line":77,"column":53}}],"line":77},"33":{"loc":{"start":{"line":82,"column":9},"end":{"line":82,"column":20}},"type":"default-arg","locations":[{"start":{"line":82,"column":16},"end":{"line":82,"column":20}}],"line":82},"34":{"loc":{"start":{"line":82,"column":22},"end":{"line":82,"column":32}},"type":"default-arg","locations":[{"start":{"line":82,"column":28},"end":{"line":82,"column":32}}],"line":82},"35":{"loc":{"start":{"line":82,"column":36},"end":{"line":82,"column":54}},"type":"binary-expr","locations":[{"start":{"line":82,"column":36},"end":{"line":82,"column":48}},{"start":{"line":82,"column":52},"end":{"line":82,"column":54}}],"line":82},"36":{"loc":{"start":{"line":83,"column":2},"end":{"line":87,"column":3}},"type":"if","locations":[{"start":{"line":83,"column":2},"end":{"line":87,"column":3}},{"start":{},"end":{}}],"line":83},"37":{"loc":{"start":{"line":83,"column":6},"end":{"line":83,"column":68}},"type":"binary-expr","locations":[{"start":{"line":83,"column":6},"end":{"line":83,"column":26}},{"start":{"line":83,"column":31},"end":{"line":83,"column":67}}],"line":83},"38":{"loc":{"start":{"line":83,"column":38},"end":{"line":83,"column":67}},"type":"binary-expr","locations":[{"start":{"line":83,"column":38},"end":{"line":83,"column":62}},{"start":{"line":83,"column":66},"end":{"line":83,"column":67}}],"line":83},"39":{"loc":{"start":{"line":86,"column":21},"end":{"line":86,"column":89}},"type":"cond-expr","locations":[{"start":{"line":86,"column":40},"end":{"line":86,"column":63}},{"start":{"line":86,"column":66},"end":{"line":86,"column":89}}],"line":86},"40":{"loc":{"start":{"line":86,"column":21},"end":{"line":86,"column":37}},"type":"binary-expr","locations":[{"start":{"line":86,"column":21},"end":{"line":86,"column":24}},{"start":{"line":86,"column":28},"end":{"line":86,"column":37}}],"line":86},"41":{"loc":{"start":{"line":86,"column":95},"end":{"line":86,"column":128}},"type":"cond-expr","locations":[{"start":{"line":86,"column":123},"end":{"line":86,"column":124}},{"start":{"line":86,"column":127},"end":{"line":86,"column":128}}],"line":86},"42":{"loc":{"start":{"line":86,"column":95},"end":{"line":86,"column":120}},"type":"binary-expr","locations":[{"start":{"line":86,"column":95},"end":{"line":86,"column":99}},{"start":{"line":86,"column":103},"end":{"line":86,"column":120}}],"line":86},"43":{"loc":{"start":{"line":93,"column":4},"end":{"line":95,"column":42}},"type":"binary-expr","locations":[{"start":{"line":93,"column":4},"end":{"line":93,"column":18}},{"start":{"line":94,"column":5},"end":{"line":94,"column":27}},{"start":{"line":94,"column":31},"end":{"line":94,"column":75}},{"start":{"line":95,"column":4},"end":{"line":95,"column":42}}],"line":93},"44":{"loc":{"start":{"line":100,"column":2},"end":{"line":103,"column":6}},"type":"if","locations":[{"start":{"line":100,"column":2},"end":{"line":103,"column":6}},{"start":{},"end":{}}],"line":100},"45":{"loc":{"start":{"line":104,"column":9},"end":{"line":104,"column":76}},"type":"binary-expr","locations":[{"start":{"line":104,"column":10},"end":{"line":104,"column":70}},{"start":{"line":104,"column":75},"end":{"line":104,"column":76}}],"line":104},"46":{"loc":{"start":{"line":104,"column":10},"end":{"line":104,"column":70}},"type":"cond-expr","locations":[{"start":{"line":104,"column":33},"end":{"line":104,"column":55}},{"start":{"line":104,"column":58},"end":{"line":104,"column":70}}],"line":104},"47":{"loc":{"start":{"line":109,"column":2},"end":{"line":112,"column":6}},"type":"if","locations":[{"start":{"line":109,"column":2},"end":{"line":112,"column":6}},{"start":{},"end":{}}],"line":109},"48":{"loc":{"start":{"line":114,"column":2},"end":{"line":115,"column":60}},"type":"if","locations":[{"start":{"line":114,"column":2},"end":{"line":115,"column":60}},{"start":{"line":115,"column":7},"end":{"line":115,"column":60}}],"line":114},"49":{"loc":{"start":{"line":115,"column":26},"end":{"line":115,"column":37}},"type":"binary-expr","locations":[{"start":{"line":115,"column":26},"end":{"line":115,"column":32}},{"start":{"line":115,"column":36},"end":{"line":115,"column":37}}],"line":115},"50":{"loc":{"start":{"line":115,"column":46},"end":{"line":115,"column":57}},"type":"binary-expr","locations":[{"start":{"line":115,"column":46},"end":{"line":115,"column":52}},{"start":{"line":115,"column":56},"end":{"line":115,"column":57}}],"line":115},"51":{"loc":{"start":{"line":141,"column":2},"end":{"line":147,"column":3}},"type":"if","locations":[{"start":{"line":141,"column":2},"end":{"line":147,"column":3}},{"start":{},"end":{}}],"line":141},"52":{"loc":{"start":{"line":170,"column":10},"end":{"line":170,"column":48}},"type":"cond-expr","locations":[{"start":{"line":170,"column":33},"end":{"line":170,"column":38}},{"start":{"line":170,"column":41},"end":{"line":170,"column":48}}],"line":170},"53":{"loc":{"start":{"line":175,"column":4},"end":{"line":175,"column":83}},"type":"if","locations":[{"start":{"line":175,"column":4},"end":{"line":175,"column":83}},{"start":{},"end":{}}],"line":175},"54":{"loc":{"start":{"line":181,"column":4},"end":{"line":182,"column":105}},"type":"if","locations":[{"start":{"line":181,"column":4},"end":{"line":182,"column":105}},{"start":{},"end":{}}],"line":181},"55":{"loc":{"start":{"line":186,"column":4},"end":{"line":186,"column":83}},"type":"if","locations":[{"start":{"line":186,"column":4},"end":{"line":186,"column":83}},{"start":{},"end":{}}],"line":186},"56":{"loc":{"start":{"line":192,"column":4},"end":{"line":192,"column":83}},"type":"if","locations":[{"start":{"line":192,"column":4},"end":{"line":192,"column":83}},{"start":{},"end":{}}],"line":192},"57":{"loc":{"start":{"line":198,"column":4},"end":{"line":198,"column":83}},"type":"if","locations":[{"start":{"line":198,"column":4},"end":{"line":198,"column":83}},{"start":{},"end":{}}],"line":198},"58":{"loc":{"start":{"line":204,"column":4},"end":{"line":204,"column":83}},"type":"if","locations":[{"start":{"line":204,"column":4},"end":{"line":204,"column":83}},{"start":{},"end":{}}],"line":204},"59":{"loc":{"start":{"line":226,"column":4},"end":{"line":229,"column":8}},"type":"if","locations":[{"start":{"line":226,"column":4},"end":{"line":229,"column":8}},{"start":{},"end":{}}],"line":226}},"s":{"0":1,"1":0,"2":1,"3":1,"4":1,"5":1,"6":1,"7":1,"8":1,"9":1,"10":1,"11":1,"12":1,"13":1,"14":1,"15":3,"16":3,"17":3,"18":3,"19":3,"20":3,"21":3,"22":3,"23":3,"24":4,"25":0,"26":0,"27":4,"28":4,"29":3,"30":3,"31":4,"32":0,"33":0,"34":0,"35":0,"36":0,"37":0,"38":0,"39":0,"40":0,"41":0,"42":0,"43":0,"44":0,"45":0,"46":0,"47":0,"48":0,"49":0,"50":0,"51":0,"52":1,"53":0,"54":1,"55":0,"56":1,"57":0,"58":1,"59":0,"60":1,"61":0,"62":0,"63":0,"64":0,"65":0,"66":0,"67":0,"68":0,"69":0,"70":0,"71":0,"72":0,"73":0,"74":0,"75":0,"76":0,"77":0,"78":0,"79":0,"80":0,"81":0,"82":0,"83":0,"84":0,"85":0,"86":0,"87":0,"88":0,"89":0,"90":0,"91":0,"92":0,"93":0,"94":0,"95":0,"96":0,"97":0,"98":0,"99":0,"100":0,"101":0,"102":0,"103":0,"104":0,"105":0,"106":0,"107":0,"108":1,"109":1,"110":1,"111":1,"112":1,"113":1,"114":1,"115":1,"116":1,"117":1,"118":1,"119":1,"120":1,"121":1,"122":1,"123":1,"124":1,"125":1,"126":1},"f":{"0":1,"1":1,"2":3,"3":3,"4":4,"5":0,"6":0,"7":4,"8":0,"9":0,"10":0,"11":0,"12":0,"13":0,"14":0,"15":0,"16":0,"17":0,"18":0,"19":0,"20":0,"21":0,"22":0,"23":0,"24":0,"25":0,"26":0,"27":0,"28":0,"29":0,"30":0,"31":0,"32":0,"33":0,"34":0,"35":0,"36":0,"37":0,"38":0,"39":0,"40":0,"41":0},"b":{"0":[0],"1":[0,1],"2":[1,1],"3":[1],"4":[1],"5":[1],"6":[1],"7":[1],"8":[1],"9":[1,1],"10":[0,1],"11":[0,1],"12":[1,0],"13":[0,1],"14":[1,0],"15":[0,1],"16":[1,0],"17":[1,1],"18":[0,1],"19":[1,0],"20":[0,1],"21":[0,0],"22":[0,0],"23":[0,1],"24":[1,0,0],"25":[1,0],"26":[1,0],"27":[3,0],"28":[3,3],"29":[3,0],"30":[3,0],"31":[3,3],"32":[0,0],"33":[4],"34":[4],"35":[4,4],"36":[3,1],"37":[4,3],"38":[3,0],"39":[1,2],"40":[3,3],"41":[0,3],"42":[3,3],"43":[0,0,0,0],"44":[0,0],"45":[0,0],"46":[0,0],"47":[0,0],"48":[0,0],"49":[0,0],"50":[0,0],"51":[0,0],"52":[0,0],"53":[0,0],"54":[0,0],"55":[0,0],"56":[0,0],"57":[0,0],"58":[0,0],"59":[0,0]},"_coverageSchema":"1a1c01bbd47fc00a2c39e90264f33305004495a9","hash":"426f7d0e8647c41ec5fc1f0a728a12737f32c54c"}
}
