TN:
SF:lib/index.js
FN:10,xbytes
FN:18,(anonymous_1)
FN:36,parseUnit
FN:55,parseString
FN:68,isBytes
FN:72,isUnit
FN:76,extractBytes
FN:80,parseSize
FN:91,isParsable
FN:99,hybridResolve
FN:107,parseBytes
FN:119,internalRelationEngine
FN:129,relative
FN:134,(anonymous_13)
FN:135,(anonymous_14)
FN:136,(anonymous_15)
FN:137,(anonymous_16)
FN:138,(anonymous_17)
FN:151,createByteParser
FN:152,staticByteParser
FN:157,createSizeParser
FN:158,staticSizeParser
FN:163,createRelativeSizer
FN:164,staticRelativeSizer
FN:169,parseByteOrByteArray
FN:174,(anonymous_25)
FN:180,(anonymous_26)
FN:185,(anonymous_27)
FN:188,(anonymous_28)
FN:191,(anonymous_29)
FN:194,(anonymous_30)
FN:197,(anonymous_31)
FN:200,(anonymous_32)
FN:203,(anonymous_33)
FN:206,(anonymous_34)
FN:209,(anonymous_35)
FN:213,(anonymous_36)
FN:217,(anonymous_37)
FN:221,(anonymous_38)
FN:225,(anonymous_39)
FN:233,(anonymous_40)
FN:238,parse
FNF:42
FNH:6
FNDA:1,xbytes
FNDA:1,(anonymous_1)
FNDA:3,parseUnit
FNDA:3,parseString
FNDA:4,isBytes
FNDA:0,isUnit
FNDA:0,extractBytes
FNDA:4,parseSize
FNDA:0,isParsable
FNDA:0,hybridResolve
FNDA:0,parseBytes
FNDA:0,internalRelationEngine
FNDA:0,relative
FNDA:0,(anonymous_13)
FNDA:0,(anonymous_14)
FNDA:0,(anonymous_15)
FNDA:0,(anonymous_16)
FNDA:0,(anonymous_17)
FNDA:0,createByteParser
FNDA:0,staticByteParser
FNDA:0,createSizeParser
FNDA:0,staticSizeParser
FNDA:0,createRelativeSizer
FNDA:0,staticRelativeSizer
FNDA:0,parseByteOrByteArray
FNDA:0,(anonymous_25)
FNDA:0,(anonymous_26)
FNDA:0,(anonymous_27)
FNDA:0,(anonymous_28)
FNDA:0,(anonymous_29)
FNDA:0,(anonymous_30)
FNDA:0,(anonymous_31)
FNDA:0,(anonymous_32)
FNDA:0,(anonymous_33)
FNDA:0,(anonymous_34)
FNDA:0,(anonymous_35)
FNDA:0,(anonymous_36)
FNDA:0,(anonymous_37)
FNDA:0,(anonymous_38)
FNDA:0,(anonymous_39)
FNDA:0,(anonymous_40)
FNDA:0,parse
DA:11,1
DA:12,1
DA:13,1
DA:14,1
DA:16,1
DA:18,1
DA:20,1
DA:21,1
DA:22,1
DA:25,1
DA:28,1
DA:30,1
DA:32,1
DA:34,1
DA:38,3
DA:39,3
DA:40,3
DA:41,3
DA:52,3
DA:57,3
DA:58,3
DA:59,3
DA:65,3
DA:69,4
DA:73,0
DA:77,0
DA:82,4
DA:83,4
DA:84,3
DA:85,3
DA:88,4
DA:92,0
DA:100,0
DA:101,0
DA:104,0
DA:109,0
DA:110,0
DA:113,0
DA:114,0
DA:115,0
DA:116,0
DA:121,0
DA:122,0
DA:123,0
DA:124,0
DA:125,0
DA:126,0
DA:130,0
DA:131,0
DA:132,0
DA:134,1
DA:135,1
DA:136,1
DA:137,1
DA:138,1
DA:139,0
DA:140,0
DA:141,0
DA:142,0
DA:148,0
DA:152,0
DA:153,0
DA:158,0
DA:159,0
DA:164,0
DA:165,0
DA:170,0
DA:175,0
DA:176,0
DA:177,0
DA:181,0
DA:182,0
DA:186,0
DA:187,0
DA:188,0
DA:192,0
DA:193,0
DA:194,0
DA:198,0
DA:199,0
DA:200,0
DA:204,0
DA:205,0
DA:206,0
DA:210,0
DA:214,0
DA:218,0
DA:222,0
DA:226,0
DA:227,0
DA:230,0
DA:234,0
DA:239,0
DA:242,1
DA:243,1
DA:244,1
DA:245,1
DA:247,1
DA:248,1
DA:249,1
DA:250,1
DA:251,1
DA:253,1
DA:254,1
DA:255,1
DA:256,1
DA:258,1
DA:259,1
DA:260,1
DA:261,1
DA:262,1
DA:264,1
LF:112
LH:53
BRDA:10,0,0,0
BRDA:11,1,0,0
BRDA:11,1,1,1
BRDA:11,2,0,1
BRDA:11,2,1,1
BRDA:12,3,0,1
BRDA:12,4,0,1
BRDA:12,5,0,1
BRDA:12,6,0,1
BRDA:12,7,0,1
BRDA:12,8,0,1
BRDA:12,9,0,1
BRDA:12,9,1,1
BRDA:13,10,0,0
BRDA:13,10,1,1
BRDA:16,11,0,0
BRDA:16,11,1,1
BRDA:18,12,0,1
BRDA:18,12,1,0
BRDA:18,13,0,0
BRDA:18,13,1,1
BRDA:18,14,0,1
BRDA:18,14,1,0
BRDA:18,15,0,0
BRDA:18,15,1,1
BRDA:20,16,0,1
BRDA:20,16,1,0
BRDA:20,17,0,1
BRDA:20,17,1,1
BRDA:20,18,0,0
BRDA:20,18,1,1
BRDA:21,19,0,1
BRDA:21,19,1,0
BRDA:22,20,0,0
BRDA:22,20,1,1
BRDA:23,21,0,0
BRDA:23,21,1,0
BRDA:23,22,0,0
BRDA:23,22,1,0
BRDA:24,23,0,0
BRDA:24,23,1,1
BRDA:24,24,0,1
BRDA:24,24,1,0
BRDA:24,24,2,0
BRDA:24,25,0,1
BRDA:24,25,1,0
BRDA:25,26,0,1
BRDA:25,26,1,0
BRDA:38,27,0,3
BRDA:38,27,1,0
BRDA:38,28,0,3
BRDA:38,28,1,3
BRDA:40,29,0,3
BRDA:40,29,1,0
BRDA:57,30,0,3
BRDA:57,30,1,0
BRDA:57,31,0,3
BRDA:57,31,1,3
BRDA:77,32,0,0
BRDA:77,32,1,0
BRDA:82,33,0,4
BRDA:82,34,0,4
BRDA:82,35,0,4
BRDA:82,35,1,4
BRDA:83,36,0,3
BRDA:83,36,1,1
BRDA:83,37,0,4
BRDA:83,37,1,3
BRDA:83,38,0,3
BRDA:83,38,1,0
BRDA:86,39,0,1
BRDA:86,39,1,2
BRDA:86,40,0,3
BRDA:86,40,1,3
BRDA:86,41,0,0
BRDA:86,41,1,3
BRDA:86,42,0,3
BRDA:86,42,1,3
BRDA:93,43,0,0
BRDA:93,43,1,0
BRDA:93,43,2,0
BRDA:93,43,3,0
BRDA:100,44,0,0
BRDA:100,44,1,0
BRDA:104,45,0,0
BRDA:104,45,1,0
BRDA:104,46,0,0
BRDA:104,46,1,0
BRDA:109,47,0,0
BRDA:109,47,1,0
BRDA:114,48,0,0
BRDA:114,48,1,0
BRDA:115,49,0,0
BRDA:115,49,1,0
BRDA:115,50,0,0
BRDA:115,50,1,0
BRDA:141,51,0,0
BRDA:141,51,1,0
BRDA:170,52,0,0
BRDA:170,52,1,0
BRDA:175,53,0,0
BRDA:175,53,1,0
BRDA:181,54,0,0
BRDA:181,54,1,0
BRDA:186,55,0,0
BRDA:186,55,1,0
BRDA:192,56,0,0
BRDA:192,56,1,0
BRDA:198,57,0,0
BRDA:198,57,1,0
BRDA:204,58,0,0
BRDA:204,58,1,0
BRDA:226,59,0,0
BRDA:226,59,1,0
BRF:114
BRH:50
end_of_record
